
> frontend-app@1.0.0 dev
> next dev

   ▲ Next.js 14.0.0
   - Local:        http://localhost:3000
   - Environments: .env.local
   - Experiments (use at your own risk):
     · webpackBuildWorker

 ✓ Ready in 2.8s
 ○ Compiling / ...
 ✓ Compiled / in 1459ms (277 modules)
 ✓ Compiled in 241ms (277 modules)
 ○ Compiling /dashboard ...
 ✓ Compiled /dashboard in 1044ms (345 modules)
 ✓ Compiled in 1204ms (377 modules)
 ○ Compiling /consulta/credito ...
 ✓ Compiled /consulta/credito in 593ms (383 modules)
 ✓ Compiled /minha-conta in 271ms (387 modules)
 ✓ Compiled in 1349ms (423 modules)
 ✓ Compiled in 1065ms (411 modules)
 ✓ Compiled /lgpd in 402ms (415 modules)
 ✓ Compiled in 967ms (418 modules)
 ○ Compiling /financeiro/boletos ...
 ✓ Compiled /financeiro/boletos in 548ms (422 modules)
 ✓ Compiled /financeiro/comprar in 135ms (401 modules)
 ✓ Compiled in 2.3s (377 modules)
 ✓ Compiled in 700ms (377 modules)
 ✓ Compiled in 671ms (381 modules)
 ✓ Compiled in 673ms (391 modules)
 ○ Compiling /financeiro/extrato ...
 ✓ Compiled /financeiro/extrato in 723ms (395 modules)
 ✓ Compiled in 434ms (393 modules)
 ✓ Compiled in 564ms (393 modules)
 ✓ Compiled in 802ms (386 modules)
 ✓ Compiled in 828ms (398 modules)
 ✓ Compiled in 1454ms (398 modules)
 ○ Compiling /relatorios/consultas ...
 ✓ Compiled /relatorios/consultas in 624ms (402 modules)
 ✓ Compiled in 415ms (387 modules)
 ✓ Compiled in 756ms (393 modules)
 ✓ Compiled in 790ms (397 modules)
 ✓ Compiled /consulta/credito in 269ms (396 modules)
 ✓ Compiled / in 110ms (388 modules)
 ✓ Compiled /dashboard in 310ms (410 modules)
 ✓ Compiled in 351ms (405 modules)
 ✓ Compiled in 1127ms (396 modules)
 ✓ Compiled in 433ms (396 modules)
 ✓ Compiled in 396ms (396 modules)
 ✓ Compiled in 1388ms (396 modules)
 ✓ Compiled in 575ms (217 modules)
 ✓ Compiled in 573ms (217 modules)
 ✓ Compiled in 675ms (217 modules)
 ✓ Compiled in 1212ms (396 modules)
 ✓ Compiled in 913ms (396 modules)
 ✓ Compiled in 387ms (217 modules)
 ✓ Compiled in 450ms (217 modules)
 ✓ Compiled in 594ms (217 modules)
 ○ Compiling /minha-conta ...
 ⨯ ./src/pages/minha-conta.tsx
Error: 
  [31mx[0m the name `sidebarOpen` is defined multiple times
    ,-[[36;1;4m/home/mau/projeto/consulta/frontend-app/src/pages/minha-conta.tsx[0m:38:1]
 [2m38[0m | } from 'lucide-react'
 [2m39[0m | 
 [2m40[0m | export default function MinhaContaPage() {
 [2m41[0m |   const [sidebarOpen, setSidebarOpen] = useState(false)
    : [31;1m         ^^^^^|^^^^^[0m
    :               [31;1m`-- [31;1mprevious definition of `sidebarOpen` here[0m[0m
 [2m42[0m |   const [sidebarOpen, setSidebarOpen] = useState(false)
    : [33;1m         ^^^^^|^^^^^[0m
    :               [33;1m`-- [33;1m`sidebarOpen` redefined here[0m[0m
 [2m43[0m |   const [user, setUser] = useState({
 [2m44[0m |     name: '',
 [2m45[0m |     email: '',
    `----

  [31mx[0m the name `setSidebarOpen` is defined multiple times
    ,-[[36;1;4m/home/mau/projeto/consulta/frontend-app/src/pages/minha-conta.tsx[0m:38:1]
 [2m38[0m | } from 'lucide-react'
 [2m39[0m | 
 [2m40[0m | export default function MinhaContaPage() {
 [2m41[0m |   const [sidebarOpen, setSidebarOpen] = useState(false)
    : [31;1m                      ^^^^^^^|^^^^^^[0m
    :                              [31;1m`-- [31;1mprevious definition of `setSidebarOpen` here[0m[0m
 [2m42[0m |   const [sidebarOpen, setSidebarOpen] = useState(false)
    : [33;1m                      ^^^^^^^|^^^^^^[0m
    :                              [33;1m`-- [33;1m`setSidebarOpen` redefined here[0m[0m
 [2m43[0m |   const [user, setUser] = useState({
 [2m44[0m |     name: '',
 [2m45[0m |     email: '',
    `----
 ⨯ ./src/pages/minha-conta.tsx
Error: 
  [31mx[0m the name `sidebarOpen` is defined multiple times
    ,-[[36;1;4m/home/mau/projeto/consulta/frontend-app/src/pages/minha-conta.tsx[0m:38:1]
 [2m38[0m | } from 'lucide-react'
 [2m39[0m | 
 [2m40[0m | export default function MinhaContaPage() {
 [2m41[0m |   const [sidebarOpen, setSidebarOpen] = useState(false)
    : [31;1m         ^^^^^|^^^^^[0m
    :               [31;1m`-- [31;1mprevious definition of `sidebarOpen` here[0m[0m
 [2m42[0m |   const [sidebarOpen, setSidebarOpen] = useState(false)
    : [33;1m         ^^^^^|^^^^^[0m
    :               [33;1m`-- [33;1m`sidebarOpen` redefined here[0m[0m
 [2m43[0m |   const [user, setUser] = useState({
 [2m44[0m |     name: '',
 [2m45[0m |     email: '',
    `----

  [31mx[0m the name `setSidebarOpen` is defined multiple times
    ,-[[36;1;4m/home/mau/projeto/consulta/frontend-app/src/pages/minha-conta.tsx[0m:38:1]
 [2m38[0m | } from 'lucide-react'
 [2m39[0m | 
 [2m40[0m | export default function MinhaContaPage() {
 [2m41[0m |   const [sidebarOpen, setSidebarOpen] = useState(false)
    : [31;1m                      ^^^^^^^|^^^^^^[0m
    :                              [31;1m`-- [31;1mprevious definition of `setSidebarOpen` here[0m[0m
 [2m42[0m |   const [sidebarOpen, setSidebarOpen] = useState(false)
    : [33;1m                      ^^^^^^^|^^^^^^[0m
    :                              [33;1m`-- [33;1m`setSidebarOpen` redefined here[0m[0m
 [2m43[0m |   const [user, setUser] = useState({
 [2m44[0m |     name: '',
 [2m45[0m |     email: '',
    `----
 ⨯ ./src/pages/minha-conta.tsx
Error: 
  [31mx[0m the name `sidebarOpen` is defined multiple times
    ,-[[36;1;4m/home/mau/projeto/consulta/frontend-app/src/pages/minha-conta.tsx[0m:38:1]
 [2m38[0m | } from 'lucide-react'
 [2m39[0m | 
 [2m40[0m | export default function MinhaContaPage() {
 [2m41[0m |   const [sidebarOpen, setSidebarOpen] = useState(false)
    : [31;1m         ^^^^^|^^^^^[0m
    :               [31;1m`-- [31;1mprevious definition of `sidebarOpen` here[0m[0m
 [2m42[0m |   const [sidebarOpen, setSidebarOpen] = useState(false)
    : [33;1m         ^^^^^|^^^^^[0m
    :               [33;1m`-- [33;1m`sidebarOpen` redefined here[0m[0m
 [2m43[0m |   const [user, setUser] = useState({
 [2m44[0m |     name: '',
 [2m45[0m |     email: '',
    `----

  [31mx[0m the name `setSidebarOpen` is defined multiple times
    ,-[[36;1;4m/home/mau/projeto/consulta/frontend-app/src/pages/minha-conta.tsx[0m:38:1]
 [2m38[0m | } from 'lucide-react'
 [2m39[0m | 
 [2m40[0m | export default function MinhaContaPage() {
 [2m41[0m |   const [sidebarOpen, setSidebarOpen] = useState(false)
    : [31;1m                      ^^^^^^^|^^^^^^[0m
    :                              [31;1m`-- [31;1mprevious definition of `setSidebarOpen` here[0m[0m
 [2m42[0m |   const [sidebarOpen, setSidebarOpen] = useState(false)
    : [33;1m                      ^^^^^^^|^^^^^^[0m
    :                              [33;1m`-- [33;1m`setSidebarOpen` redefined here[0m[0m
 [2m43[0m |   const [user, setUser] = useState({
 [2m44[0m |     name: '',
 [2m45[0m |     email: '',
    `----
 ⨯ ./src/pages/minha-conta.tsx
Error: 
  [31mx[0m the name `sidebarOpen` is defined multiple times
    ,-[[36;1;4m/home/mau/projeto/consulta/frontend-app/src/pages/minha-conta.tsx[0m:38:1]
 [2m38[0m | } from 'lucide-react'
 [2m39[0m | 
 [2m40[0m | export default function MinhaContaPage() {
 [2m41[0m |   const [sidebarOpen, setSidebarOpen] = useState(false)
    : [31;1m         ^^^^^|^^^^^[0m
    :               [31;1m`-- [31;1mprevious definition of `sidebarOpen` here[0m[0m
 [2m42[0m |   const [sidebarOpen, setSidebarOpen] = useState(false)
    : [33;1m         ^^^^^|^^^^^[0m
    :               [33;1m`-- [33;1m`sidebarOpen` redefined here[0m[0m
 [2m43[0m |   const [user, setUser] = useState({
 [2m44[0m |     name: '',
 [2m45[0m |     email: '',
    `----

  [31mx[0m the name `setSidebarOpen` is defined multiple times
    ,-[[36;1;4m/home/mau/projeto/consulta/frontend-app/src/pages/minha-conta.tsx[0m:38:1]
 [2m38[0m | } from 'lucide-react'
 [2m39[0m | 
 [2m40[0m | export default function MinhaContaPage() {
 [2m41[0m |   const [sidebarOpen, setSidebarOpen] = useState(false)
    : [31;1m                      ^^^^^^^|^^^^^^[0m
    :                              [31;1m`-- [31;1mprevious definition of `setSidebarOpen` here[0m[0m
 [2m42[0m |   const [sidebarOpen, setSidebarOpen] = useState(false)
    : [33;1m                      ^^^^^^^|^^^^^^[0m
    :                              [33;1m`-- [33;1m`setSidebarOpen` redefined here[0m[0m
 [2m43[0m |   const [user, setUser] = useState({
 [2m44[0m |     name: '',
 [2m45[0m |     email: '',
    `----
 ⨯ ./src/pages/minha-conta.tsx
Error: 
  [31mx[0m the name `sidebarOpen` is defined multiple times
    ,-[[36;1;4m/home/mau/projeto/consulta/frontend-app/src/pages/minha-conta.tsx[0m:38:1]
 [2m38[0m | } from 'lucide-react'
 [2m39[0m | 
 [2m40[0m | export default function MinhaContaPage() {
 [2m41[0m |   const [sidebarOpen, setSidebarOpen] = useState(false)
    : [31;1m         ^^^^^|^^^^^[0m
    :               [31;1m`-- [31;1mprevious definition of `sidebarOpen` here[0m[0m
 [2m42[0m |   const [sidebarOpen, setSidebarOpen] = useState(false)
    : [33;1m         ^^^^^|^^^^^[0m
    :               [33;1m`-- [33;1m`sidebarOpen` redefined here[0m[0m
 [2m43[0m |   const [user, setUser] = useState({
 [2m44[0m |     name: '',
 [2m45[0m |     email: '',
    `----

  [31mx[0m the name `setSidebarOpen` is defined multiple times
    ,-[[36;1;4m/home/mau/projeto/consulta/frontend-app/src/pages/minha-conta.tsx[0m:38:1]
 [2m38[0m | } from 'lucide-react'
 [2m39[0m | 
 [2m40[0m | export default function MinhaContaPage() {
 [2m41[0m |   const [sidebarOpen, setSidebarOpen] = useState(false)
    : [31;1m                      ^^^^^^^|^^^^^^[0m
    :                              [31;1m`-- [31;1mprevious definition of `setSidebarOpen` here[0m[0m
 [2m42[0m |   const [sidebarOpen, setSidebarOpen] = useState(false)
    : [33;1m                      ^^^^^^^|^^^^^^[0m
    :                              [33;1m`-- [33;1m`setSidebarOpen` redefined here[0m[0m
 [2m43[0m |   const [user, setUser] = useState({
 [2m44[0m |     name: '',
 [2m45[0m |     email: '',
    `----
 ✓ Compiled /_error in 2.8s (422 modules)
 ⚠ Fast Refresh had to perform a full reload due to a runtime error.
 ⨯ Error: Cannot find module './chunks/vendor-chunks/next.js'
Require stack:
- /home/mau/projeto/consulta/frontend-app/.next/server/webpack-runtime.js
- /home/mau/projeto/consulta/frontend-app/.next/server/pages/_document.js
- /home/mau/projeto/consulta/frontend-app/node_modules/next/dist/server/require.js
- /home/mau/projeto/consulta/frontend-app/node_modules/next/dist/server/load-components.js
- /home/mau/projeto/consulta/frontend-app/node_modules/next/dist/build/utils.js
- /home/mau/projeto/consulta/frontend-app/node_modules/next/dist/server/dev/hot-middleware.js
- /home/mau/projeto/consulta/frontend-app/node_modules/next/dist/server/dev/hot-reloader-webpack.js
- /home/mau/projeto/consulta/frontend-app/node_modules/next/dist/server/lib/router-utils/setup-dev-bundler.js
- /home/mau/projeto/consulta/frontend-app/node_modules/next/dist/server/lib/router-server.js
- /home/mau/projeto/consulta/frontend-app/node_modules/next/dist/server/lib/start-server.js
    at Module._resolveFilename (node:internal/modules/cjs/loader:1207:15)
    at /home/mau/projeto/consulta/frontend-app/node_modules/next/dist/server/require-hook.js:54:36
    at Module._load (node:internal/modules/cjs/loader:1038:27)
    at Module.require (node:internal/modules/cjs/loader:1289:19)
    at mod.require (/home/mau/projeto/consulta/frontend-app/node_modules/next/dist/server/require-hook.js:64:28)
    at require (node:internal/modules/helpers:182:18)
    at __webpack_require__.f.require (/home/mau/projeto/consulta/frontend-app/.next/server/webpack-runtime.js:1:2445)
    at /home/mau/projeto/consulta/frontend-app/.next/server/webpack-runtime.js:1:1680
    at Array.reduce (<anonymous>)
    at __webpack_require__.e (/home/mau/projeto/consulta/frontend-app/.next/server/webpack-runtime.js:1:1641)
    at Array.map (<anonymous>)
    at __webpack_require__.X (/home/mau/projeto/consulta/frontend-app/.next/server/webpack-runtime.js:1:2088)
    at /home/mau/projeto/consulta/frontend-app/.next/server/pages/minha-conta.js:351:47
    at Object.<anonymous> (/home/mau/projeto/consulta/frontend-app/.next/server/pages/minha-conta.js:354:3)
    at Module._compile (node:internal/modules/cjs/loader:1521:14) {
  code: 'MODULE_NOT_FOUND',
  requireStack: [
    '/home/mau/projeto/consulta/frontend-app/.next/server/webpack-runtime.js',
    '/home/mau/projeto/consulta/frontend-app/.next/server/pages/_document.js',
    '/home/mau/projeto/consulta/frontend-app/node_modules/next/dist/server/require.js',
    '/home/mau/projeto/consulta/frontend-app/node_modules/next/dist/server/load-components.js',
    '/home/mau/projeto/consulta/frontend-app/node_modules/next/dist/build/utils.js',
    '/home/mau/projeto/consulta/frontend-app/node_modules/next/dist/server/dev/hot-middleware.js',
    '/home/mau/projeto/consulta/frontend-app/node_modules/next/dist/server/dev/hot-reloader-webpack.js',
    '/home/mau/projeto/consulta/frontend-app/node_modules/next/dist/server/lib/router-utils/setup-dev-bundler.js',
    '/home/mau/projeto/consulta/frontend-app/node_modules/next/dist/server/lib/router-server.js',
    '/home/mau/projeto/consulta/frontend-app/node_modules/next/dist/server/lib/start-server.js'
  ],
  page: '/minha-conta'
}
 ⨯ Error: Cannot find module './chunks/vendor-chunks/next.js'
Require stack:
- /home/mau/projeto/consulta/frontend-app/.next/server/webpack-runtime.js
- /home/mau/projeto/consulta/frontend-app/.next/server/pages/_document.js
- /home/mau/projeto/consulta/frontend-app/node_modules/next/dist/server/require.js
- /home/mau/projeto/consulta/frontend-app/node_modules/next/dist/server/load-components.js
- /home/mau/projeto/consulta/frontend-app/node_modules/next/dist/build/utils.js
- /home/mau/projeto/consulta/frontend-app/node_modules/next/dist/server/dev/hot-middleware.js
- /home/mau/projeto/consulta/frontend-app/node_modules/next/dist/server/dev/hot-reloader-webpack.js
- /home/mau/projeto/consulta/frontend-app/node_modules/next/dist/server/lib/router-utils/setup-dev-bundler.js
- /home/mau/projeto/consulta/frontend-app/node_modules/next/dist/server/lib/router-server.js
- /home/mau/projeto/consulta/frontend-app/node_modules/next/dist/server/lib/start-server.js
    at Module._resolveFilename (node:internal/modules/cjs/loader:1207:15)
    at /home/mau/projeto/consulta/frontend-app/node_modules/next/dist/server/require-hook.js:54:36
    at Module._load (node:internal/modules/cjs/loader:1038:27)
    at Module.require (node:internal/modules/cjs/loader:1289:19)
    at mod.require (/home/mau/projeto/consulta/frontend-app/node_modules/next/dist/server/require-hook.js:64:28)
    at require (node:internal/modules/helpers:182:18)
    at __webpack_require__.f.require (/home/mau/projeto/consulta/frontend-app/.next/server/webpack-runtime.js:1:2445)
    at /home/mau/projeto/consulta/frontend-app/.next/server/webpack-runtime.js:1:1680
    at Array.reduce (<anonymous>)
    at __webpack_require__.e (/home/mau/projeto/consulta/frontend-app/.next/server/webpack-runtime.js:1:1641)
    at Array.map (<anonymous>)
    at __webpack_require__.X (/home/mau/projeto/consulta/frontend-app/.next/server/webpack-runtime.js:1:2088)
    at /home/mau/projeto/consulta/frontend-app/.next/server/pages/minha-conta.js:351:47
    at Object.<anonymous> (/home/mau/projeto/consulta/frontend-app/.next/server/pages/minha-conta.js:354:3)
    at Module._compile (node:internal/modules/cjs/loader:1521:14) {
  code: 'MODULE_NOT_FOUND',
  requireStack: [
    '/home/mau/projeto/consulta/frontend-app/.next/server/webpack-runtime.js',
    '/home/mau/projeto/consulta/frontend-app/.next/server/pages/_document.js',
    '/home/mau/projeto/consulta/frontend-app/node_modules/next/dist/server/require.js',
    '/home/mau/projeto/consulta/frontend-app/node_modules/next/dist/server/load-components.js',
    '/home/mau/projeto/consulta/frontend-app/node_modules/next/dist/build/utils.js',
    '/home/mau/projeto/consulta/frontend-app/node_modules/next/dist/server/dev/hot-middleware.js',
    '/home/mau/projeto/consulta/frontend-app/node_modules/next/dist/server/dev/hot-reloader-webpack.js',
    '/home/mau/projeto/consulta/frontend-app/node_modules/next/dist/server/lib/router-utils/setup-dev-bundler.js',
    '/home/mau/projeto/consulta/frontend-app/node_modules/next/dist/server/lib/router-server.js',
    '/home/mau/projeto/consulta/frontend-app/node_modules/next/dist/server/lib/start-server.js'
  ],
  page: '/minha-conta'
}
 ✓ Compiled in 610ms (422 modules)
 ✓ Compiled in 2s (384 modules)
 ✓ Compiled in 242ms (384 modules)
 ✓ Compiled in 211ms (384 modules)
 ✓ Compiled in 382ms (386 modules)
 ✓ Compiled in 237ms (386 modules)
 ✓ Compiled in 228ms (386 modules)
 ○ Compiling /minha-conta ...
 ✓ Compiled /minha-conta in 1127ms (424 modules)
 ⨯ Error: Cannot find module './chunks/vendor-chunks/next.js'
Require stack:
- /home/mau/projeto/consulta/frontend-app/.next/server/webpack-runtime.js
- /home/mau/projeto/consulta/frontend-app/.next/server/pages/_document.js
- /home/mau/projeto/consulta/frontend-app/node_modules/next/dist/server/require.js
- /home/mau/projeto/consulta/frontend-app/node_modules/next/dist/server/load-components.js
- /home/mau/projeto/consulta/frontend-app/node_modules/next/dist/build/utils.js
- /home/mau/projeto/consulta/frontend-app/node_modules/next/dist/server/dev/hot-middleware.js
- /home/mau/projeto/consulta/frontend-app/node_modules/next/dist/server/dev/hot-reloader-webpack.js
- /home/mau/projeto/consulta/frontend-app/node_modules/next/dist/server/lib/router-utils/setup-dev-bundler.js
- /home/mau/projeto/consulta/frontend-app/node_modules/next/dist/server/lib/router-server.js
- /home/mau/projeto/consulta/frontend-app/node_modules/next/dist/server/lib/start-server.js
    at Module._resolveFilename (node:internal/modules/cjs/loader:1207:15)
    at /home/mau/projeto/consulta/frontend-app/node_modules/next/dist/server/require-hook.js:54:36
    at Module._load (node:internal/modules/cjs/loader:1038:27)
    at Module.require (node:internal/modules/cjs/loader:1289:19)
    at mod.require (/home/mau/projeto/consulta/frontend-app/node_modules/next/dist/server/require-hook.js:64:28)
    at require (node:internal/modules/helpers:182:18)
    at __webpack_require__.f.require (/home/mau/projeto/consulta/frontend-app/.next/server/webpack-runtime.js:1:2445)
    at /home/mau/projeto/consulta/frontend-app/.next/server/webpack-runtime.js:1:1680
    at Array.reduce (<anonymous>)
    at __webpack_require__.e (/home/mau/projeto/consulta/frontend-app/.next/server/webpack-runtime.js:1:1641)
    at Array.map (<anonymous>)
    at __webpack_require__.X (/home/mau/projeto/consulta/frontend-app/.next/server/webpack-runtime.js:1:2088)
    at /home/mau/projeto/consulta/frontend-app/.next/server/pages/minha-conta.js:351:47
    at Object.<anonymous> (/home/mau/projeto/consulta/frontend-app/.next/server/pages/minha-conta.js:354:3)
    at Module._compile (node:internal/modules/cjs/loader:1521:14) {
  code: 'MODULE_NOT_FOUND',
  requireStack: [
    '/home/mau/projeto/consulta/frontend-app/.next/server/webpack-runtime.js',
    '/home/mau/projeto/consulta/frontend-app/.next/server/pages/_document.js',
    '/home/mau/projeto/consulta/frontend-app/node_modules/next/dist/server/require.js',
    '/home/mau/projeto/consulta/frontend-app/node_modules/next/dist/server/load-components.js',
    '/home/mau/projeto/consulta/frontend-app/node_modules/next/dist/build/utils.js',
    '/home/mau/projeto/consulta/frontend-app/node_modules/next/dist/server/dev/hot-middleware.js',
    '/home/mau/projeto/consulta/frontend-app/node_modules/next/dist/server/dev/hot-reloader-webpack.js',
    '/home/mau/projeto/consulta/frontend-app/node_modules/next/dist/server/lib/router-utils/setup-dev-bundler.js',
    '/home/mau/projeto/consulta/frontend-app/node_modules/next/dist/server/lib/router-server.js',
    '/home/mau/projeto/consulta/frontend-app/node_modules/next/dist/server/lib/start-server.js'
  ],
  page: '/minha-conta'
}
 ✓ Compiled in 285ms (424 modules)
 ⨯ Error: Cannot find module './chunks/vendor-chunks/next.js'
Require stack:
- /home/mau/projeto/consulta/frontend-app/.next/server/webpack-runtime.js
- /home/mau/projeto/consulta/frontend-app/.next/server/pages/_document.js
- /home/mau/projeto/consulta/frontend-app/node_modules/next/dist/server/require.js
- /home/mau/projeto/consulta/frontend-app/node_modules/next/dist/server/load-components.js
- /home/mau/projeto/consulta/frontend-app/node_modules/next/dist/build/utils.js
- /home/mau/projeto/consulta/frontend-app/node_modules/next/dist/server/dev/hot-middleware.js
- /home/mau/projeto/consulta/frontend-app/node_modules/next/dist/server/dev/hot-reloader-webpack.js
- /home/mau/projeto/consulta/frontend-app/node_modules/next/dist/server/lib/router-utils/setup-dev-bundler.js
- /home/mau/projeto/consulta/frontend-app/node_modules/next/dist/server/lib/router-server.js
- /home/mau/projeto/consulta/frontend-app/node_modules/next/dist/server/lib/start-server.js
    at Module._resolveFilename (node:internal/modules/cjs/loader:1207:15)
    at /home/mau/projeto/consulta/frontend-app/node_modules/next/dist/server/require-hook.js:54:36
    at Module._load (node:internal/modules/cjs/loader:1038:27)
    at Module.require (node:internal/modules/cjs/loader:1289:19)
    at mod.require (/home/mau/projeto/consulta/frontend-app/node_modules/next/dist/server/require-hook.js:64:28)
    at require (node:internal/modules/helpers:182:18)
    at __webpack_require__.f.require (/home/mau/projeto/consulta/frontend-app/.next/server/webpack-runtime.js:1:2445)
    at /home/mau/projeto/consulta/frontend-app/.next/server/webpack-runtime.js:1:1680
    at Array.reduce (<anonymous>)
    at __webpack_require__.e (/home/mau/projeto/consulta/frontend-app/.next/server/webpack-runtime.js:1:1641)
    at Array.map (<anonymous>)
    at __webpack_require__.X (/home/mau/projeto/consulta/frontend-app/.next/server/webpack-runtime.js:1:2088)
    at /home/mau/projeto/consulta/frontend-app/.next/server/pages/minha-conta.js:351:47
    at Object.<anonymous> (/home/mau/projeto/consulta/frontend-app/.next/server/pages/minha-conta.js:354:3)
    at Module._compile (node:internal/modules/cjs/loader:1521:14) {
  code: 'MODULE_NOT_FOUND',
  requireStack: [
    '/home/mau/projeto/consulta/frontend-app/.next/server/webpack-runtime.js',
    '/home/mau/projeto/consulta/frontend-app/.next/server/pages/_document.js',
    '/home/mau/projeto/consulta/frontend-app/node_modules/next/dist/server/require.js',
    '/home/mau/projeto/consulta/frontend-app/node_modules/next/dist/server/load-components.js',
    '/home/mau/projeto/consulta/frontend-app/node_modules/next/dist/build/utils.js',
    '/home/mau/projeto/consulta/frontend-app/node_modules/next/dist/server/dev/hot-middleware.js',
    '/home/mau/projeto/consulta/frontend-app/node_modules/next/dist/server/dev/hot-reloader-webpack.js',
    '/home/mau/projeto/consulta/frontend-app/node_modules/next/dist/server/lib/router-utils/setup-dev-bundler.js',
    '/home/mau/projeto/consulta/frontend-app/node_modules/next/dist/server/lib/router-server.js',
    '/home/mau/projeto/consulta/frontend-app/node_modules/next/dist/server/lib/start-server.js'
  ],
  page: '/minha-conta'
}
[?25h
