
> frontend-admin@1.0.0 dev
> next dev -p 3001

  ▲ Next.js 14.2.35
  - Local:        http://localhost:3001
  - Environments: .env.local

 ✓ Starting...
 ✓ Ready in 4.2s
 ○ Compiling /_error ...
 ✓ Compiled /_error in 7.7s (570 modules)
 GET /_next/static/webpack/0f5776b7125822bc.webpack.hot-update.json 404 in 7983ms
 ⚠ Fast Refresh had to perform a full reload. Read more: https://nextjs.org/docs/messages/fast-refresh-reload
 GET /plugins 200 in 8080ms
 GET /plugins 200 in 20ms
 ✓ Compiled in 2.4s (568 modules)
 ✓ Compiled in 338ms (568 modules)
 GET /plugins 200 in 458ms
 ✓ Compiled in 464ms (568 modules)
 ✓ Compiled in 314ms (378 modules)
 ✓ Compiled in 477ms (378 modules)
 ✓ Compiled in 238ms (378 modules)
 ✓ Compiled in 372ms (568 modules)
 GET /plugins 200 in 320ms
 ✓ Compiled in 308ms (378 modules)
 ✓ Compiled in 356ms (378 modules)
 ✓ Compiled in 301ms (378 modules)
